<?xml version="1.0" encoding="UTF-8"?>
<coverage generated="1634988931">
  <project timestamp="1634988931">
    <file name="/application/packages/garbuzivan/laraveltokens/src/Commands/CreateTokenCommand.php">
      <class name="Garbuzivan\Laraveltokens\Commands\CreateTokenCommand" namespace="global">
        <metrics complexity="5" methods="2" coveredmethods="0" conditionals="0" coveredconditionals="0" statements="15" coveredstatements="0" elements="17" coveredelements="0"/>
      </class>
      <line num="50" type="method" name="__construct" visibility="public" complexity="1" crap="2" count="0"/>
      <line num="52" type="stmt" count="0"/>
      <line num="53" type="stmt" count="0"/>
      <line num="54" type="stmt" count="0"/>
      <line num="61" type="method" name="handle" visibility="public" complexity="4" crap="20" count="0"/>
      <line num="63" type="stmt" count="0"/>
      <line num="64" type="stmt" count="0"/>
      <line num="65" type="stmt" count="0"/>
      <line num="66" type="stmt" count="0"/>
      <line num="67" type="stmt" count="0"/>
      <line num="68" type="stmt" count="0"/>
      <line num="70" type="stmt" count="0"/>
      <line num="71" type="stmt" count="0"/>
      <line num="72" type="stmt" count="0"/>
      <line num="73" type="stmt" count="0"/>
      <line num="75" type="stmt" count="0"/>
      <line num="76" type="stmt" count="0"/>
      <metrics loc="78" ncloc="49" classes="1" methods="2" coveredmethods="0" conditionals="0" coveredconditionals="0" statements="15" coveredstatements="0" elements="17" coveredelements="0"/>
    </file>
    <file name="/application/packages/garbuzivan/laraveltokens/src/Commands/DeactivationByIDCommand.php">
      <class name="Garbuzivan\Laraveltokens\Commands\DeactivationByIDCommand" namespace="global">
        <metrics complexity="5" methods="2" coveredmethods="0" conditionals="0" coveredconditionals="0" statements="11" coveredstatements="0" elements="13" coveredelements="0"/>
      </class>
      <line num="47" type="method" name="__construct" visibility="public" complexity="1" crap="2" count="0"/>
      <line num="49" type="stmt" count="0"/>
      <line num="50" type="stmt" count="0"/>
      <line num="51" type="stmt" count="0"/>
      <line num="58" type="method" name="handle" visibility="public" complexity="4" crap="20" count="0"/>
      <line num="60" type="stmt" count="0"/>
      <line num="61" type="stmt" count="0"/>
      <line num="62" type="stmt" count="0"/>
      <line num="63" type="stmt" count="0"/>
      <line num="64" type="stmt" count="0"/>
      <line num="66" type="stmt" count="0"/>
      <line num="67" type="stmt" count="0"/>
      <line num="68" type="stmt" count="0"/>
      <metrics loc="70" ncloc="41" classes="1" methods="2" coveredmethods="0" conditionals="0" coveredconditionals="0" statements="11" coveredstatements="0" elements="13" coveredelements="0"/>
    </file>
    <file name="/application/packages/garbuzivan/laraveltokens/src/Commands/DeactivationByUserCommand.php">
      <class name="Garbuzivan\Laraveltokens\Commands\DeactivationByUserCommand" namespace="global">
        <metrics complexity="5" methods="2" coveredmethods="0" conditionals="0" coveredconditionals="0" statements="12" coveredstatements="0" elements="14" coveredelements="0"/>
      </class>
      <line num="48" type="method" name="__construct" visibility="public" complexity="1" crap="2" count="0"/>
      <line num="50" type="stmt" count="0"/>
      <line num="51" type="stmt" count="0"/>
      <line num="52" type="stmt" count="0"/>
      <line num="59" type="method" name="handle" visibility="public" complexity="4" crap="20" count="0"/>
      <line num="61" type="stmt" count="0"/>
      <line num="62" type="stmt" count="0"/>
      <line num="63" type="stmt" count="0"/>
      <line num="64" type="stmt" count="0"/>
      <line num="65" type="stmt" count="0"/>
      <line num="66" type="stmt" count="0"/>
      <line num="68" type="stmt" count="0"/>
      <line num="69" type="stmt" count="0"/>
      <line num="70" type="stmt" count="0"/>
      <metrics loc="72" ncloc="43" classes="1" methods="2" coveredmethods="0" conditionals="0" coveredconditionals="0" statements="12" coveredstatements="0" elements="14" coveredelements="0"/>
    </file>
    <file name="/application/packages/garbuzivan/laraveltokens/src/Commands/DeactivationTokenCommand.php">
      <class name="Garbuzivan\Laraveltokens\Commands\DeactivationTokenCommand" namespace="global">
        <metrics complexity="3" methods="2" coveredmethods="0" conditionals="0" coveredconditionals="0" statements="11" coveredstatements="0" elements="13" coveredelements="0"/>
      </class>
      <line num="47" type="method" name="__construct" visibility="public" complexity="1" crap="2" count="0"/>
      <line num="49" type="stmt" count="0"/>
      <line num="50" type="stmt" count="0"/>
      <line num="51" type="stmt" count="0"/>
      <line num="58" type="method" name="handle" visibility="public" complexity="2" crap="6" count="0"/>
      <line num="60" type="stmt" count="0"/>
      <line num="61" type="stmt" count="0"/>
      <line num="62" type="stmt" count="0"/>
      <line num="63" type="stmt" count="0"/>
      <line num="64" type="stmt" count="0"/>
      <line num="66" type="stmt" count="0"/>
      <line num="67" type="stmt" count="0"/>
      <line num="68" type="stmt" count="0"/>
      <metrics loc="70" ncloc="41" classes="1" methods="2" coveredmethods="0" conditionals="0" coveredconditionals="0" statements="11" coveredstatements="0" elements="13" coveredelements="0"/>
    </file>
    <file name="/application/packages/garbuzivan/laraveltokens/src/Commands/DeleteTokenAllCommand.php">
      <class name="Garbuzivan\Laraveltokens\Commands\DeleteTokenAllCommand" namespace="global">
        <metrics complexity="2" methods="2" coveredmethods="0" conditionals="0" coveredconditionals="0" statements="6" coveredstatements="0" elements="8" coveredelements="0"/>
      </class>
      <line num="47" type="method" name="__construct" visibility="public" complexity="1" crap="2" count="0"/>
      <line num="49" type="stmt" count="0"/>
      <line num="50" type="stmt" count="0"/>
      <line num="51" type="stmt" count="0"/>
      <line num="58" type="method" name="handle" visibility="public" complexity="1" crap="2" count="0"/>
      <line num="60" type="stmt" count="0"/>
      <line num="61" type="stmt" count="0"/>
      <line num="62" type="stmt" count="0"/>
      <metrics loc="64" ncloc="35" classes="1" methods="2" coveredmethods="0" conditionals="0" coveredconditionals="0" statements="6" coveredstatements="0" elements="8" coveredelements="0"/>
    </file>
    <file name="/application/packages/garbuzivan/laraveltokens/src/Commands/DeleteTokenByIDCommand.php">
      <class name="Garbuzivan\Laraveltokens\Commands\DeleteTokenByIDCommand" namespace="global">
        <metrics complexity="5" methods="2" coveredmethods="0" conditionals="0" coveredconditionals="0" statements="11" coveredstatements="0" elements="13" coveredelements="0"/>
      </class>
      <line num="47" type="method" name="__construct" visibility="public" complexity="1" crap="2" count="0"/>
      <line num="49" type="stmt" count="0"/>
      <line num="50" type="stmt" count="0"/>
      <line num="51" type="stmt" count="0"/>
      <line num="58" type="method" name="handle" visibility="public" complexity="4" crap="20" count="0"/>
      <line num="60" type="stmt" count="0"/>
      <line num="61" type="stmt" count="0"/>
      <line num="62" type="stmt" count="0"/>
      <line num="63" type="stmt" count="0"/>
      <line num="64" type="stmt" count="0"/>
      <line num="66" type="stmt" count="0"/>
      <line num="67" type="stmt" count="0"/>
      <line num="68" type="stmt" count="0"/>
      <metrics loc="70" ncloc="41" classes="1" methods="2" coveredmethods="0" conditionals="0" coveredconditionals="0" statements="11" coveredstatements="0" elements="13" coveredelements="0"/>
    </file>
    <file name="/application/packages/garbuzivan/laraveltokens/src/Commands/DeleteTokenByUserCommand.php">
      <class name="Garbuzivan\Laraveltokens\Commands\DeleteTokenByUserCommand" namespace="global">
        <metrics complexity="5" methods="2" coveredmethods="0" conditionals="0" coveredconditionals="0" statements="12" coveredstatements="0" elements="14" coveredelements="0"/>
      </class>
      <line num="48" type="method" name="__construct" visibility="public" complexity="1" crap="2" count="0"/>
      <line num="50" type="stmt" count="0"/>
      <line num="51" type="stmt" count="0"/>
      <line num="52" type="stmt" count="0"/>
      <line num="59" type="method" name="handle" visibility="public" complexity="4" crap="20" count="0"/>
      <line num="61" type="stmt" count="0"/>
      <line num="62" type="stmt" count="0"/>
      <line num="63" type="stmt" count="0"/>
      <line num="64" type="stmt" count="0"/>
      <line num="65" type="stmt" count="0"/>
      <line num="66" type="stmt" count="0"/>
      <line num="68" type="stmt" count="0"/>
      <line num="69" type="stmt" count="0"/>
      <line num="70" type="stmt" count="0"/>
      <metrics loc="72" ncloc="43" classes="1" methods="2" coveredmethods="0" conditionals="0" coveredconditionals="0" statements="12" coveredstatements="0" elements="14" coveredelements="0"/>
    </file>
    <file name="/application/packages/garbuzivan/laraveltokens/src/Commands/DeleteTokenCommand.php">
      <class name="Garbuzivan\Laraveltokens\Commands\DeleteTokenCommand" namespace="global">
        <metrics complexity="3" methods="2" coveredmethods="0" conditionals="0" coveredconditionals="0" statements="11" coveredstatements="0" elements="13" coveredelements="0"/>
      </class>
      <line num="47" type="method" name="__construct" visibility="public" complexity="1" crap="2" count="0"/>
      <line num="49" type="stmt" count="0"/>
      <line num="50" type="stmt" count="0"/>
      <line num="51" type="stmt" count="0"/>
      <line num="58" type="method" name="handle" visibility="public" complexity="2" crap="6" count="0"/>
      <line num="60" type="stmt" count="0"/>
      <line num="61" type="stmt" count="0"/>
      <line num="62" type="stmt" count="0"/>
      <line num="63" type="stmt" count="0"/>
      <line num="64" type="stmt" count="0"/>
      <line num="66" type="stmt" count="0"/>
      <line num="67" type="stmt" count="0"/>
      <line num="68" type="stmt" count="0"/>
      <metrics loc="70" ncloc="41" classes="1" methods="2" coveredmethods="0" conditionals="0" coveredconditionals="0" statements="11" coveredstatements="0" elements="13" coveredelements="0"/>
    </file>
    <file name="/application/packages/garbuzivan/laraveltokens/src/Commands/ProlongationByIDCommand.php">
      <class name="Garbuzivan\Laraveltokens\Commands\ProlongationByIDCommand" namespace="global">
        <metrics complexity="7" methods="2" coveredmethods="0" conditionals="0" coveredconditionals="0" statements="13" coveredstatements="0" elements="15" coveredelements="0"/>
      </class>
      <line num="48" type="method" name="__construct" visibility="public" complexity="1" crap="2" count="0"/>
      <line num="50" type="stmt" count="0"/>
      <line num="51" type="stmt" count="0"/>
      <line num="52" type="stmt" count="0"/>
      <line num="59" type="method" name="handle" visibility="public" complexity="6" crap="42" count="0"/>
      <line num="61" type="stmt" count="0"/>
      <line num="62" type="stmt" count="0"/>
      <line num="63" type="stmt" count="0"/>
      <line num="64" type="stmt" count="0"/>
      <line num="65" type="stmt" count="0"/>
      <line num="67" type="stmt" count="0"/>
      <line num="68" type="stmt" count="0"/>
      <line num="69" type="stmt" count="0"/>
      <line num="70" type="stmt" count="0"/>
      <line num="71" type="stmt" count="0"/>
      <metrics loc="73" ncloc="44" classes="1" methods="2" coveredmethods="0" conditionals="0" coveredconditionals="0" statements="13" coveredstatements="0" elements="15" coveredelements="0"/>
    </file>
    <file name="/application/packages/garbuzivan/laraveltokens/src/Commands/ProlongationByTokenCommand.php">
      <class name="Garbuzivan\Laraveltokens\Commands\ProlongationByTokenCommand" namespace="global">
        <metrics complexity="5" methods="2" coveredmethods="0" conditionals="0" coveredconditionals="0" statements="13" coveredstatements="0" elements="15" coveredelements="0"/>
      </class>
      <line num="48" type="method" name="__construct" visibility="public" complexity="1" crap="2" count="0"/>
      <line num="50" type="stmt" count="0"/>
      <line num="51" type="stmt" count="0"/>
      <line num="52" type="stmt" count="0"/>
      <line num="59" type="method" name="handle" visibility="public" complexity="4" crap="20" count="0"/>
      <line num="61" type="stmt" count="0"/>
      <line num="62" type="stmt" count="0"/>
      <line num="63" type="stmt" count="0"/>
      <line num="64" type="stmt" count="0"/>
      <line num="65" type="stmt" count="0"/>
      <line num="67" type="stmt" count="0"/>
      <line num="68" type="stmt" count="0"/>
      <line num="69" type="stmt" count="0"/>
      <line num="70" type="stmt" count="0"/>
      <line num="71" type="stmt" count="0"/>
      <metrics loc="73" ncloc="44" classes="1" methods="2" coveredmethods="0" conditionals="0" coveredconditionals="0" statements="13" coveredstatements="0" elements="15" coveredelements="0"/>
    </file>
    <file name="/application/packages/garbuzivan/laraveltokens/src/Commands/ProlongationByUserCommand.php">
      <class name="Garbuzivan\Laraveltokens\Commands\ProlongationByUserCommand" namespace="global">
        <metrics complexity="7" methods="2" coveredmethods="0" conditionals="0" coveredconditionals="0" statements="14" coveredstatements="0" elements="16" coveredelements="0"/>
      </class>
      <line num="49" type="method" name="__construct" visibility="public" complexity="1" crap="2" count="0"/>
      <line num="51" type="stmt" count="0"/>
      <line num="52" type="stmt" count="0"/>
      <line num="53" type="stmt" count="0"/>
      <line num="60" type="method" name="handle" visibility="public" complexity="6" crap="42" count="0"/>
      <line num="62" type="stmt" count="0"/>
      <line num="63" type="stmt" count="0"/>
      <line num="64" type="stmt" count="0"/>
      <line num="65" type="stmt" count="0"/>
      <line num="66" type="stmt" count="0"/>
      <line num="67" type="stmt" count="0"/>
      <line num="69" type="stmt" count="0"/>
      <line num="70" type="stmt" count="0"/>
      <line num="71" type="stmt" count="0"/>
      <line num="72" type="stmt" count="0"/>
      <line num="73" type="stmt" count="0"/>
      <metrics loc="75" ncloc="46" classes="1" methods="2" coveredmethods="0" conditionals="0" coveredconditionals="0" statements="14" coveredstatements="0" elements="16" coveredelements="0"/>
    </file>
    <file name="/application/packages/garbuzivan/laraveltokens/src/Config.php">
      <class name="Garbuzivan\Laraveltokens\Config" namespace="global">
        <metrics complexity="11" methods="10" coveredmethods="0" conditionals="0" coveredconditionals="0" statements="20" coveredstatements="0" elements="30" coveredelements="0"/>
      </class>
      <line num="81" type="method" name="__construct" visibility="public" complexity="1" crap="2" count="0"/>
      <line num="83" type="stmt" count="0"/>
      <line num="84" type="stmt" count="0"/>
      <line num="91" type="method" name="load" visibility="public" complexity="2" crap="6" count="0"/>
      <line num="93" type="stmt" count="0"/>
      <line num="94" type="stmt" count="0"/>
      <line num="95" type="stmt" count="0"/>
      <line num="96" type="stmt" count="0"/>
      <line num="97" type="stmt" count="0"/>
      <line num="98" type="stmt" count="0"/>
      <line num="99" type="stmt" count="0"/>
      <line num="100" type="stmt" count="0"/>
      <line num="101" type="stmt" count="0"/>
      <line num="102" type="stmt" count="0"/>
      <line num="110" type="method" name="isEncryption" visibility="public" complexity="1" crap="2" count="0"/>
      <line num="112" type="stmt" count="0"/>
      <line num="120" type="method" name="isAutoClear" visibility="public" complexity="1" crap="2" count="0"/>
      <line num="122" type="stmt" count="0"/>
      <line num="130" type="method" name="getAutoClearPause" visibility="public" complexity="1" crap="2" count="0"/>
      <line num="132" type="stmt" count="0"/>
      <line num="140" type="method" name="getRepositoryAccessToken" visibility="public" complexity="1" crap="2" count="0"/>
      <line num="142" type="stmt" count="0"/>
      <line num="150" type="method" name="getRepositoryGlobalToken" visibility="public" complexity="1" crap="2" count="0"/>
      <line num="152" type="stmt" count="0"/>
      <line num="160" type="method" name="isLastUse" visibility="public" complexity="1" crap="2" count="0"/>
      <line num="162" type="stmt" count="0"/>
      <line num="170" type="method" name="isJwt" visibility="public" complexity="1" crap="2" count="0"/>
      <line num="172" type="stmt" count="0"/>
      <line num="180" type="method" name="getSalt" visibility="public" complexity="1" crap="2" count="0"/>
      <line num="182" type="stmt" count="0"/>
      <metrics loc="184" ncloc="90" classes="1" methods="10" coveredmethods="0" conditionals="0" coveredconditionals="0" statements="20" coveredstatements="0" elements="30" coveredelements="0"/>
    </file>
    <file name="/application/packages/garbuzivan/laraveltokens/src/Exceptions/EmptyTokenException.php">
      <class name="Garbuzivan\Laraveltokens\Exceptions\EmptyTokenException" namespace="global">
        <metrics complexity="0" methods="0" coveredmethods="0" conditionals="0" coveredconditionals="0" statements="0" coveredstatements="0" elements="0" coveredelements="0"/>
      </class>
      <metrics loc="10" ncloc="10" classes="0" methods="0" coveredmethods="0" conditionals="0" coveredconditionals="0" statements="0" coveredstatements="0" elements="0" coveredelements="0"/>
    </file>
    <file name="/application/packages/garbuzivan/laraveltokens/src/Exceptions/TokenIsNotNalidException.php">
      <class name="Garbuzivan\Laraveltokens\Exceptions\TokenIsNotNalidException" namespace="global">
        <metrics complexity="0" methods="0" coveredmethods="0" conditionals="0" coveredconditionals="0" statements="0" coveredstatements="0" elements="0" coveredelements="0"/>
      </class>
      <metrics loc="10" ncloc="10" classes="0" methods="0" coveredmethods="0" conditionals="0" coveredconditionals="0" statements="0" coveredstatements="0" elements="0" coveredelements="0"/>
    </file>
    <file name="/application/packages/garbuzivan/laraveltokens/src/Exceptions/UserNotExistsException.php">
      <class name="Garbuzivan\Laraveltokens\Exceptions\UserNotExistsException" namespace="global">
        <metrics complexity="0" methods="0" coveredmethods="0" conditionals="0" coveredconditionals="0" statements="0" coveredstatements="0" elements="0" coveredelements="0"/>
      </class>
      <metrics loc="10" ncloc="10" classes="0" methods="0" coveredmethods="0" conditionals="0" coveredconditionals="0" statements="0" coveredstatements="0" elements="0" coveredelements="0"/>
    </file>
    <file name="/application/packages/garbuzivan/laraveltokens/src/Interfaces/AccessTokenRepositoryInterface.php">
      <metrics loc="174" ncloc="51" classes="0" methods="0" coveredmethods="0" conditionals="0" coveredconditionals="0" statements="0" coveredstatements="0" elements="0" coveredelements="0"/>
    </file>
    <file name="/application/packages/garbuzivan/laraveltokens/src/Interfaces/GlobalTokenRepositoryInterface.php">
      <metrics loc="116" ncloc="37" classes="0" methods="0" coveredmethods="0" conditionals="0" coveredconditionals="0" statements="0" coveredstatements="0" elements="0" coveredelements="0"/>
    </file>
    <file name="/application/packages/garbuzivan/laraveltokens/src/Middleware/LaravelTokens.php">
      <class name="Garbuzivan\Laraveltokens\Middleware\LaravelTokens" namespace="global">
        <metrics complexity="9" methods="3" coveredmethods="0" conditionals="0" coveredconditionals="0" statements="20" coveredstatements="0" elements="23" coveredelements="0"/>
      </class>
      <line num="33" type="method" name="__construct" visibility="public" complexity="1" crap="2" count="0"/>
      <line num="35" type="stmt" count="0"/>
      <line num="36" type="stmt" count="0"/>
      <line num="37" type="stmt" count="0"/>
      <line num="46" type="method" name="handle" visibility="public" complexity="4" crap="20" count="0"/>
      <line num="49" type="stmt" count="0"/>
      <line num="50" type="stmt" count="0"/>
      <line num="51" type="stmt" count="0"/>
      <line num="54" type="stmt" count="0"/>
      <line num="55" type="stmt" count="0"/>
      <line num="56" type="stmt" count="0"/>
      <line num="58" type="stmt" count="0"/>
      <line num="59" type="stmt" count="0"/>
      <line num="62" type="stmt" count="0"/>
      <line num="71" type="method" name="getTokenForRequest" visibility="public" complexity="4" crap="20" count="0"/>
      <line num="73" type="stmt" count="0"/>
      <line num="74" type="stmt" count="0"/>
      <line num="75" type="stmt" count="0"/>
      <line num="77" type="stmt" count="0"/>
      <line num="78" type="stmt" count="0"/>
      <line num="80" type="stmt" count="0"/>
      <line num="81" type="stmt" count="0"/>
      <line num="83" type="stmt" count="0"/>
      <metrics loc="85" ncloc="60" classes="1" methods="3" coveredmethods="0" conditionals="0" coveredconditionals="0" statements="20" coveredstatements="0" elements="23" coveredelements="0"/>
    </file>
    <file name="/application/packages/garbuzivan/laraveltokens/src/Models/AccessToken.php">
      <class name="Garbuzivan\Laraveltokens\Models\AccessToken" namespace="global">
        <metrics complexity="3" methods="2" coveredmethods="0" conditionals="0" coveredconditionals="0" statements="2" coveredstatements="0" elements="4" coveredelements="0"/>
      </class>
      <line num="66" type="method" name="user" visibility="public" complexity="1" crap="2" count="0"/>
      <line num="68" type="stmt" count="0"/>
      <line num="75" type="method" name="isValid" visibility="public" complexity="2" crap="6" count="0"/>
      <line num="77" type="stmt" count="0"/>
      <metrics loc="79" ncloc="56" classes="1" methods="2" coveredmethods="0" conditionals="0" coveredconditionals="0" statements="2" coveredstatements="0" elements="4" coveredelements="0"/>
    </file>
    <file name="/application/packages/garbuzivan/laraveltokens/src/Models/GlobalToken.php">
      <class name="Garbuzivan\Laraveltokens\Models\GlobalToken" namespace="global">
        <metrics complexity="2" methods="1" coveredmethods="0" conditionals="0" coveredconditionals="0" statements="1" coveredstatements="0" elements="2" coveredelements="0"/>
      </class>
      <line num="67" type="method" name="isValid" visibility="public" complexity="2" crap="6" count="0"/>
      <line num="69" type="stmt" count="0"/>
      <metrics loc="71" ncloc="46" classes="1" methods="1" coveredmethods="0" conditionals="0" coveredconditionals="0" statements="1" coveredstatements="0" elements="2" coveredelements="0"/>
    </file>
    <file name="/application/packages/garbuzivan/laraveltokens/src/Models/RefreshToken.php">
      <class name="Garbuzivan\Laraveltokens\Models\RefreshToken" namespace="global">
        <metrics complexity="4" methods="3" coveredmethods="0" conditionals="0" coveredconditionals="0" statements="3" coveredstatements="0" elements="6" coveredelements="0"/>
      </class>
      <line num="65" type="method" name="user" visibility="public" complexity="1" crap="2" count="0"/>
      <line num="67" type="stmt" count="0"/>
      <line num="73" type="method" name="accessToken" visibility="public" complexity="1" crap="2" count="0"/>
      <line num="75" type="stmt" count="0"/>
      <line num="82" type="method" name="isValid" visibility="public" complexity="2" crap="6" count="0"/>
      <line num="84" type="stmt" count="0"/>
      <metrics loc="86" ncloc="60" classes="1" methods="3" coveredmethods="0" conditionals="0" coveredconditionals="0" statements="3" coveredstatements="0" elements="6" coveredelements="0"/>
    </file>
    <file name="/application/packages/garbuzivan/laraveltokens/src/Repositories/AccessTokenRepository.php">
      <class name="Garbuzivan\Laraveltokens\Repositories\AccessTokenRepository" namespace="global">
        <metrics complexity="17" methods="16" coveredmethods="0" conditionals="0" coveredconditionals="0" statements="35" coveredstatements="0" elements="51" coveredelements="0"/>
      </class>
      <line num="29" type="method" name="createAccessToken" visibility="public" complexity="1" crap="2" count="0"/>
      <line num="36" type="stmt" count="0"/>
      <line num="37" type="stmt" count="0"/>
      <line num="38" type="stmt" count="0"/>
      <line num="39" type="stmt" count="0"/>
      <line num="40" type="stmt" count="0"/>
      <line num="41" type="stmt" count="0"/>
      <line num="52" type="method" name="deleteAccessTokenById" visibility="public" complexity="1" crap="2" count="0"/>
      <line num="54" type="stmt" count="0"/>
      <line num="64" type="method" name="deleteAccessToken" visibility="public" complexity="1" crap="2" count="0"/>
      <line num="66" type="stmt" count="0"/>
      <line num="77" type="method" name="deleteAccessTokenByUser" visibility="public" complexity="1" crap="2" count="0"/>
      <line num="79" type="stmt" count="0"/>
      <line num="87" type="method" name="deleteAllAccessToken" visibility="public" complexity="1" crap="2" count="0"/>
      <line num="89" type="stmt" count="0"/>
      <line num="90" type="stmt" count="0"/>
      <line num="100" type="method" name="deactivationAccessTokenById" visibility="public" complexity="1" crap="2" count="0"/>
      <line num="102" type="stmt" count="0"/>
      <line num="103" type="stmt" count="0"/>
      <line num="114" type="method" name="deactivationAccessToken" visibility="public" complexity="1" crap="2" count="0"/>
      <line num="116" type="stmt" count="0"/>
      <line num="117" type="stmt" count="0"/>
      <line num="129" type="method" name="deactivationAccessTokenByUser" visibility="public" complexity="1" crap="2" count="0"/>
      <line num="131" type="stmt" count="0"/>
      <line num="132" type="stmt" count="0"/>
      <line num="133" type="stmt" count="0"/>
      <line num="134" type="stmt" count="0"/>
      <line num="146" type="method" name="prolongationAccessTokenById" visibility="public" complexity="1" crap="2" count="0"/>
      <line num="148" type="stmt" count="0"/>
      <line num="159" type="method" name="prolongationAccessToken" visibility="public" complexity="1" crap="2" count="0"/>
      <line num="161" type="stmt" count="0"/>
      <line num="173" type="method" name="prolongationAccessTokenByUser" visibility="public" complexity="1" crap="2" count="0"/>
      <line num="175" type="stmt" count="0"/>
      <line num="176" type="stmt" count="0"/>
      <line num="177" type="stmt" count="0"/>
      <line num="188" type="method" name="getAccessTokenByUser" visibility="public" complexity="1" crap="2" count="0"/>
      <line num="190" type="stmt" count="0"/>
      <line num="191" type="stmt" count="0"/>
      <line num="192" type="stmt" count="0"/>
      <line num="202" type="method" name="getAccessTokenById" visibility="public" complexity="1" crap="2" count="0"/>
      <line num="204" type="stmt" count="0"/>
      <line num="214" type="method" name="getAccessToken" visibility="public" complexity="1" crap="2" count="0"/>
      <line num="216" type="stmt" count="0"/>
      <line num="226" type="method" name="setLastUseAccessToken" visibility="public" complexity="1" crap="2" count="0"/>
      <line num="228" type="stmt" count="0"/>
      <line num="229" type="stmt" count="0"/>
      <line num="242" type="method" name="isMorph" visibility="public" complexity="2" crap="6" count="0"/>
      <line num="244" type="stmt" count="0"/>
      <line num="245" type="stmt" count="0"/>
      <line num="246" type="stmt" count="0"/>
      <line num="248" type="stmt" count="0"/>
      <metrics loc="249" ncloc="126" classes="1" methods="16" coveredmethods="0" conditionals="0" coveredconditionals="0" statements="35" coveredstatements="0" elements="51" coveredelements="0"/>
    </file>
    <file name="/application/packages/garbuzivan/laraveltokens/src/Repositories/GlobalTokenRepository.php">
      <class name="Garbuzivan\Laraveltokens\Repositories\GlobalTokenRepository" namespace="global">
        <metrics complexity="11" methods="11" coveredmethods="0" conditionals="0" coveredconditionals="0" statements="18" coveredstatements="0" elements="29" coveredelements="0"/>
      </class>
      <line num="24" type="method" name="createGlobalToken" visibility="public" complexity="1" crap="2" count="0"/>
      <line num="29" type="stmt" count="0"/>
      <line num="30" type="stmt" count="0"/>
      <line num="31" type="stmt" count="0"/>
      <line num="32" type="stmt" count="0"/>
      <line num="43" type="method" name="deleteGlobalTokenById" visibility="public" complexity="1" crap="2" count="0"/>
      <line num="45" type="stmt" count="0"/>
      <line num="55" type="method" name="deleteGlobalToken" visibility="public" complexity="1" crap="2" count="0"/>
      <line num="57" type="stmt" count="0"/>
      <line num="65" type="method" name="deleteAllGlobalToken" visibility="public" complexity="1" crap="2" count="0"/>
      <line num="67" type="stmt" count="0"/>
      <line num="68" type="stmt" count="0"/>
      <line num="78" type="method" name="deactivationGlobalTokenById" visibility="public" complexity="1" crap="2" count="0"/>
      <line num="80" type="stmt" count="0"/>
      <line num="81" type="stmt" count="0"/>
      <line num="92" type="method" name="deactivationGlobalToken" visibility="public" complexity="1" crap="2" count="0"/>
      <line num="94" type="stmt" count="0"/>
      <line num="95" type="stmt" count="0"/>
      <line num="107" type="method" name="prolongationGlobalTokenById" visibility="public" complexity="1" crap="2" count="0"/>
      <line num="109" type="stmt" count="0"/>
      <line num="120" type="method" name="prolongationGlobalToken" visibility="public" complexity="1" crap="2" count="0"/>
      <line num="122" type="stmt" count="0"/>
      <line num="132" type="method" name="getGlobalTokenById" visibility="public" complexity="1" crap="2" count="0"/>
      <line num="134" type="stmt" count="0"/>
      <line num="144" type="method" name="getGlobalToken" visibility="public" complexity="1" crap="2" count="0"/>
      <line num="146" type="stmt" count="0"/>
      <line num="156" type="method" name="setLastUseGlobalToken" visibility="public" complexity="1" crap="2" count="0"/>
      <line num="158" type="stmt" count="0"/>
      <line num="159" type="stmt" count="0"/>
      <metrics loc="162" ncloc="83" classes="1" methods="11" coveredmethods="0" conditionals="0" coveredconditionals="0" statements="18" coveredstatements="0" elements="29" coveredelements="0"/>
    </file>
    <file name="/application/packages/garbuzivan/laraveltokens/src/ServiceProvider.php">
      <class name="Garbuzivan\Laraveltokens\ServiceProvider" namespace="global">
        <metrics complexity="5" methods="4" coveredmethods="0" conditionals="0" coveredconditionals="0" statements="27" coveredstatements="0" elements="31" coveredelements="0"/>
      </class>
      <line num="30" type="method" name="boot" visibility="public" complexity="2" crap="6" count="0"/>
      <line num="32" type="stmt" count="0"/>
      <line num="34" type="stmt" count="0"/>
      <line num="35" type="stmt" count="0"/>
      <line num="36" type="stmt" count="0"/>
      <line num="38" type="stmt" count="0"/>
      <line num="40" type="stmt" count="0"/>
      <line num="41" type="stmt" count="0"/>
      <line num="42" type="stmt" count="0"/>
      <line num="55" type="stmt" count="0"/>
      <line num="62" type="method" name="register" visibility="public" complexity="1" crap="2" count="0"/>
      <line num="64" type="stmt" count="0"/>
      <line num="65" type="stmt" count="0"/>
      <line num="66" type="stmt" count="0"/>
      <line num="67" type="stmt" count="0"/>
      <line num="68" type="stmt" count="0"/>
      <line num="69" type="stmt" count="0"/>
      <line num="71" type="stmt" count="0"/>
      <line num="72" type="stmt" count="0"/>
      <line num="73" type="stmt" count="0"/>
      <line num="75" type="stmt" count="0"/>
      <line num="76" type="stmt" count="0"/>
      <line num="77" type="stmt" count="0"/>
      <line num="78" type="stmt" count="0"/>
      <line num="79" type="stmt" count="0"/>
      <line num="81" type="stmt" count="0"/>
      <line num="82" type="stmt" count="0"/>
      <line num="87" type="method" name="configPath" visibility="protected" complexity="1" crap="2" count="0"/>
      <line num="89" type="stmt" count="0"/>
      <line num="97" type="method" name="publishPath" visibility="protected" complexity="1" crap="2" count="0"/>
      <line num="99" type="stmt" count="0"/>
      <metrics loc="101" ncloc="83" classes="1" methods="4" coveredmethods="0" conditionals="0" coveredconditionals="0" statements="27" coveredstatements="0" elements="31" coveredelements="0"/>
    </file>
    <file name="/application/packages/garbuzivan/laraveltokens/src/TokenManager.php">
      <class name="Garbuzivan\Laraveltokens\TokenManager" namespace="global">
        <metrics complexity="17" methods="9" coveredmethods="0" conditionals="0" coveredconditionals="0" statements="24" coveredstatements="0" elements="33" coveredelements="0"/>
      </class>
      <line num="41" type="method" name="__construct" visibility="public" complexity="1" crap="2" count="0"/>
      <line num="46" type="stmt" count="0"/>
      <line num="47" type="stmt" count="0"/>
      <line num="48" type="stmt" count="0"/>
      <line num="49" type="stmt" count="0"/>
      <line num="59" type="method" name="auth" visibility="public" complexity="5" crap="30" count="0"/>
      <line num="61" type="stmt" count="0"/>
      <line num="62" type="stmt" count="0"/>
      <line num="63" type="stmt" count="0"/>
      <line num="64" type="stmt" count="0"/>
      <line num="66" type="stmt" count="0"/>
      <line num="67" type="stmt" count="0"/>
      <line num="69" type="stmt" count="0"/>
      <line num="77" type="method" name="deleteAllTokens" visibility="public" complexity="1" crap="2" count="0"/>
      <line num="79" type="stmt" count="0"/>
      <line num="80" type="stmt" count="0"/>
      <line num="81" type="stmt" count="0"/>
      <line num="90" type="method" name="isValid" visibility="public" complexity="4" crap="20" count="0"/>
      <line num="92" type="stmt" count="0"/>
      <line num="93" type="stmt" count="0"/>
      <line num="94" type="stmt" count="0"/>
      <line num="95" type="stmt" count="0"/>
      <line num="97" type="stmt" count="0"/>
      <line num="105" type="method" name="generateAccessToken" visibility="public" complexity="1" crap="2" count="0"/>
      <line num="107" type="stmt" count="0"/>
      <line num="117" type="method" name="getAccessTokenDb" visibility="public" complexity="2" crap="6" count="0"/>
      <line num="119" type="stmt" count="0"/>
      <line num="129" type="method" name="getHash" visibility="public" complexity="1" crap="2" count="0"/>
      <line num="131" type="stmt" count="0"/>
      <line num="142" type="method" name="isVerify" visibility="public" complexity="1" crap="2" count="0"/>
      <line num="144" type="stmt" count="0"/>
      <line num="152" type="method" name="getDefaultMorph" visibility="public" complexity="1" crap="2" count="0"/>
      <line num="154" type="stmt" count="0"/>
      <metrics loc="156" ncloc="88" classes="1" methods="9" coveredmethods="0" conditionals="0" coveredconditionals="0" statements="24" coveredstatements="0" elements="33" coveredelements="0"/>
    </file>
    <file name="/application/packages/garbuzivan/laraveltokens/src/Traits/ManagerAccessTokenTrait.php">
      <class name="Garbuzivan\Laraveltokens\Traits\ManagerAccessTokenTrait" namespace="global">
        <metrics complexity="13" methods="10" coveredmethods="0" conditionals="0" coveredconditionals="0" statements="17" coveredstatements="0" elements="27" coveredelements="0"/>
      </class>
      <line num="37" type="method" name="createAccessToken" visibility="public" complexity="4" crap="20" count="0"/>
      <line num="44" type="stmt" count="0"/>
      <line num="45" type="stmt" count="0"/>
      <line num="46" type="stmt" count="0"/>
      <line num="47" type="stmt" count="0"/>
      <line num="48" type="stmt" count="0"/>
      <line num="52" type="stmt" count="0"/>
      <line num="54" type="stmt" count="0"/>
      <line num="55" type="stmt" count="0"/>
      <line num="65" type="method" name="deleteAccessTokenById" visibility="public" complexity="1" crap="2" count="0"/>
      <line num="67" type="stmt" count="0"/>
      <line num="77" type="method" name="deleteAccessToken" visibility="public" complexity="1" crap="2" count="0"/>
      <line num="79" type="stmt" count="0"/>
      <line num="90" type="method" name="deleteAccessTokenByUser" visibility="public" complexity="1" crap="2" count="0"/>
      <line num="92" type="stmt" count="0"/>
      <line num="102" type="method" name="deactivationAccessTokenById" visibility="public" complexity="1" crap="2" count="0"/>
      <line num="104" type="stmt" count="0"/>
      <line num="114" type="method" name="deactivationAccessToken" visibility="public" complexity="1" crap="2" count="0"/>
      <line num="116" type="stmt" count="0"/>
      <line num="127" type="method" name="deactivationAccessTokenByUser" visibility="public" complexity="1" crap="2" count="0"/>
      <line num="129" type="stmt" count="0"/>
      <line num="140" type="method" name="prolongationAccessTokenById" visibility="public" complexity="1" crap="2" count="0"/>
      <line num="142" type="stmt" count="0"/>
      <line num="154" type="method" name="prolongationAccessTokenByUser" visibility="public" complexity="1" crap="2" count="0"/>
      <line num="156" type="stmt" count="0"/>
      <line num="167" type="method" name="prolongationAccessToken" visibility="public" complexity="1" crap="2" count="0"/>
      <line num="169" type="stmt" count="0"/>
      <metrics loc="171" ncloc="84" classes="1" methods="10" coveredmethods="0" conditionals="0" coveredconditionals="0" statements="17" coveredstatements="0" elements="27" coveredelements="0"/>
    </file>
    <file name="/application/packages/garbuzivan/laraveltokens/src/Traits/ManagerGlobalTokenTrait.php">
      <class name="Garbuzivan\Laraveltokens\Traits\ManagerGlobalTokenTrait" namespace="global">
        <metrics complexity="9" methods="7" coveredmethods="0" conditionals="0" coveredconditionals="0" statements="12" coveredstatements="0" elements="19" coveredelements="0"/>
      </class>
      <line num="33" type="method" name="createGlobalToken" visibility="public" complexity="3" crap="12" count="0"/>
      <line num="38" type="stmt" count="0"/>
      <line num="39" type="stmt" count="0"/>
      <line num="40" type="stmt" count="0"/>
      <line num="42" type="stmt" count="0"/>
      <line num="44" type="stmt" count="0"/>
      <line num="45" type="stmt" count="0"/>
      <line num="55" type="method" name="deleteGlobalTokenById" visibility="public" complexity="1" crap="2" count="0"/>
      <line num="57" type="stmt" count="0"/>
      <line num="67" type="method" name="deleteGlobalToken" visibility="public" complexity="1" crap="2" count="0"/>
      <line num="69" type="stmt" count="0"/>
      <line num="79" type="method" name="deactivationGlobalTokenById" visibility="public" complexity="1" crap="2" count="0"/>
      <line num="81" type="stmt" count="0"/>
      <line num="91" type="method" name="deactivationGlobalToken" visibility="public" complexity="1" crap="2" count="0"/>
      <line num="93" type="stmt" count="0"/>
      <line num="104" type="method" name="prolongationGlobalTokenById" visibility="public" complexity="1" crap="2" count="0"/>
      <line num="106" type="stmt" count="0"/>
      <line num="117" type="method" name="prolongationGlobalToken" visibility="public" complexity="1" crap="2" count="0"/>
      <line num="119" type="stmt" count="0"/>
      <metrics loc="121" ncloc="62" classes="1" methods="7" coveredmethods="0" conditionals="0" coveredconditionals="0" statements="12" coveredstatements="0" elements="19" coveredelements="0"/>
    </file>
    <file name="/application/packages/garbuzivan/laraveltokens/src/Traits/UserTrait.php">
      <class name="Garbuzivan\Laraveltokens\Traits\UserTrait" namespace="global">
        <metrics complexity="4" methods="4" coveredmethods="0" conditionals="0" coveredconditionals="0" statements="4" coveredstatements="0" elements="8" coveredelements="0"/>
      </class>
      <line num="18" type="method" name="accessTokens" visibility="public" complexity="1" crap="2" count="0"/>
      <line num="20" type="stmt" count="0"/>
      <line num="26" type="method" name="refreshTokens" visibility="public" complexity="1" crap="2" count="0"/>
      <line num="28" type="stmt" count="0"/>
      <line num="39" type="method" name="accessTokenCreate" visibility="public" complexity="1" crap="2" count="0"/>
      <line num="41" type="stmt" count="0"/>
      <line num="49" type="method" name="accessTokensDelete" visibility="public" complexity="1" crap="2" count="0"/>
      <line num="51" type="stmt" count="0"/>
      <metrics loc="53" ncloc="34" classes="1" methods="4" coveredmethods="0" conditionals="0" coveredconditionals="0" statements="4" coveredstatements="0" elements="8" coveredelements="0"/>
    </file>
    <metrics files="28" loc="2625" ncloc="1458" classes="23" methods="102" coveredmethods="0" conditionals="0" coveredconditionals="0" statements="312" coveredstatements="0" elements="414" coveredelements="0"/>
  </project>
</coverage>
